INFO  10:29:10 Application started. Press Ctrl+C to shut down.
INFO  10:29:10 Application started. Press Ctrl+C to shut down.
INFO  10:29:10 Hosting environment: Development
INFO  10:29:10 Hosting environment: Development
INFO  10:29:10 Content root path: C:\Users\Ritik\source\repos\ProcessPension
INFO  10:29:10 Content root path: C:\Users\Ritik\source\repos\ProcessPension
INFO  06:18:16 Application started. Press Ctrl+C to shut down.
INFO  06:18:16 Application started. Press Ctrl+C to shut down.
INFO  06:18:16 Hosting environment: Development
INFO  06:18:16 Hosting environment: Development
INFO  06:18:16 Content root path: E:\MFPE\ProcessPensionAPI\ProcessPension
INFO  06:18:16 Content root path: E:\MFPE\ProcessPensionAPI\ProcessPension
INFO  06:18:49 Pensioner details invoked from Client Input
ERROR 06:25:53 Exception OccuredSystem.AggregateException: One or more errors occurred. (A connection attempt failed because the connected party did not properly respond after a period of time, or established connection failed because connected host has failed to respond.)
 ---> System.Net.Http.HttpRequestException: A connection attempt failed because the connected party did not properly respond after a period of time, or established connection failed because connected host has failed to respond.
 ---> System.Net.Sockets.SocketException (10060): A connection attempt failed because the connected party did not properly respond after a period of time, or established connection failed because connected host has failed to respond.
   at System.Net.Http.ConnectHelper.ConnectAsync(String host, Int32 port, CancellationToken cancellationToken)
   --- End of inner exception stack trace ---
   at System.Net.Http.ConnectHelper.ConnectAsync(String host, Int32 port, CancellationToken cancellationToken)
   at System.Net.Http.HttpConnectionPool.ConnectAsync(HttpRequestMessage request, Boolean allowHttp2, CancellationToken cancellationToken)
   at System.Net.Http.HttpConnectionPool.CreateHttp11ConnectionAsync(HttpRequestMessage request, CancellationToken cancellationToken)
   at System.Net.Http.HttpConnectionPool.GetHttpConnectionAsync(HttpRequestMessage request, CancellationToken cancellationToken)
   at System.Net.Http.HttpConnectionPool.SendWithRetryAsync(HttpRequestMessage request, Boolean doRequestAuth, CancellationToken cancellationToken)
   at System.Net.Http.RedirectHandler.SendAsync(HttpRequestMessage request, CancellationToken cancellationToken)
   at System.Net.Http.DiagnosticsHandler.SendAsync(HttpRequestMessage request, CancellationToken cancellationToken)
   at System.Net.Http.HttpClient.FinishSendAsyncBuffered(Task`1 sendTask, HttpRequestMessage request, CancellationTokenSource cts, Boolean disposeCts)
   --- End of inner exception stack trace ---
   at System.Threading.Tasks.Task.ThrowIfExceptional(Boolean includeTaskCanceledExceptions)
   at System.Threading.Tasks.Task`1.GetResultCore(Boolean waitCompletionNotification)
   at System.Threading.Tasks.Task`1.get_Result()
   at ProcessPension.Provider.ProcessProvider.GetDisbursementMessage(ProcessPensionInput processInput) in E:\MFPE\ProcessPensionAPI\ProcessPension\Provider\ProcessProvider.cs:line 113
INFO  06:27:42 Source:[::1] Request: POST https localhost:44394/api/ProcessPension/ProcessPension  {"name":"Shubham","dateOfBirth":"1997-08-18T00:00:00","pan":"BCFPN9890I","aadhaarNumber":"907493726178","pensionType":1} Responded with [204] in 533103ms
INFO  06:27:42 Source:[::1] Request: POST https localhost:44394/api/ProcessPension/ProcessPension  {"name":"Shubham","dateOfBirth":"1997-08-18T00:00:00","pan":"BCFPN9890I","aadhaarNumber":"907493726178","pensionType":1} Responded with [204] in 533103ms
INFO  06:55:48 Application started. Press Ctrl+C to shut down.
INFO  06:55:48 Application started. Press Ctrl+C to shut down.
INFO  06:55:48 Hosting environment: Development
INFO  06:55:48 Hosting environment: Development
INFO  06:55:48 Content root path: E:\MFPE\ProcessPensionAPI\ProcessPension
INFO  06:55:48 Content root path: E:\MFPE\ProcessPensionAPI\ProcessPension
INFO  06:56:47 Pensioner details invoked from Client Input
INFO  06:57:12 Source:[::1] Request: POST https localhost:44394/api/ProcessPension/ProcessPension  {"name":"Shubham","dateOfBirth":"1997-08-18T00:00:00","pan":"BCFPN9890I","aadhaarNumber":"907493726178","pensionType":1} Responded with [200] in 25660ms
INFO  06:57:12 Source:[::1] Request: POST https localhost:44394/api/ProcessPension/ProcessPension  {"name":"Shubham","dateOfBirth":"1997-08-18T00:00:00","pan":"BCFPN9890I","aadhaarNumber":"907493726178","pensionType":1} Responded with [200] in 25660ms
INFO  04:28:00 Application started. Press Ctrl+C to shut down.
INFO  04:28:00 Application started. Press Ctrl+C to shut down.
INFO  04:28:00 Hosting environment: Development
INFO  04:28:00 Hosting environment: Development
INFO  04:28:00 Content root path: E:\MFPE\ProcessPensionAPI\ProcessPension
INFO  04:28:00 Content root path: E:\MFPE\ProcessPensionAPI\ProcessPension
INFO  04:28:41 Pensioner details invoked from Client Input
INFO  04:28:59 Source:[::1] Request: POST https localhost:44394/api/ProcessPension/ProcessPension  {"name":"Shubham","dateOfBirth":"1997-08-18T00:00:00","pan":"BCFPN9890I","aadhaarNumber":"907493726178","pensionType":1} Responded with [200] in 18674ms
INFO  04:28:59 Source:[::1] Request: POST https localhost:44394/api/ProcessPension/ProcessPension  {"name":"Shubham","dateOfBirth":"1997-08-18T00:00:00","pan":"BCFPN9890I","aadhaarNumber":"907493726178","pensionType":1} Responded with [200] in 18674ms
INFO  04:29:22 Pensioner details invoked from Client Input
INFO  04:29:23 Source:[::1] Request: POST https localhost:44394/api/ProcessPension/ProcessPension  {"name":"Shubham","dateOfBirth":"1997-08-18T00:00:00","pan":"BCFPN9890I","aadhaarNumber":"907493726179","pensionType":1} Responded with [404] in 610ms
INFO  04:29:23 Source:[::1] Request: POST https localhost:44394/api/ProcessPension/ProcessPension  {"name":"Shubham","dateOfBirth":"1997-08-18T00:00:00","pan":"BCFPN9890I","aadhaarNumber":"907493726179","pensionType":1} Responded with [404] in 610ms
INFO  04:30:44 Pensioner details invoked from Client Input
INFO  04:31:12 Source:[::1] Request: POST https localhost:44394/api/ProcessPension/ProcessPension  {"name":"Shubham","dateOfBirth":"1997-08-18T00:00:00","pan":"BCFPN9890I","aadhaarNumber":"907493726179","pensionType":1} Responded with [404] in 27929ms
INFO  04:31:12 Source:[::1] Request: POST https localhost:44394/api/ProcessPension/ProcessPension  {"name":"Shubham","dateOfBirth":"1997-08-18T00:00:00","pan":"BCFPN9890I","aadhaarNumber":"907493726179","pensionType":1} Responded with [404] in 27929ms
INFO  04:31:38 Pensioner details invoked from Client Input
INFO  04:35:15 Application started. Press Ctrl+C to shut down.
INFO  04:35:15 Application started. Press Ctrl+C to shut down.
INFO  04:35:15 Hosting environment: Development
INFO  04:35:15 Hosting environment: Development
INFO  04:35:15 Content root path: E:\MFPE\ProcessPensionAPI\ProcessPension
INFO  04:35:15 Content root path: E:\MFPE\ProcessPensionAPI\ProcessPension
INFO  04:35:41 Pensioner details invoked from Client Input
INFO  04:35:42 Source:[::1] Request: POST https localhost:44394/api/ProcessPension/ProcessPension  {"name":"Shubham","dateOfBirth":"1997-08-18T00:00:00","pan":"BCFPN9890I","aadhaarNumber":"907493726179","pensionType":1} Responded with [200] in 1463ms
INFO  04:35:42 Source:[::1] Request: POST https localhost:44394/api/ProcessPension/ProcessPension  {"name":"Shubham","dateOfBirth":"1997-08-18T00:00:00","pan":"BCFPN9890I","aadhaarNumber":"907493726179","pensionType":1} Responded with [200] in 1463ms
INFO  04:36:07 Pensioner details invoked from Client Input
INFO  04:36:09 Source:[::1] Request: POST https localhost:44394/api/ProcessPension/ProcessPension  {"name":"Shubham","dateOfBirth":"1997-08-18T00:00:00","pan":"BCFPN9890I","aadhaarNumber":"907493726178","pensionType":1} Responded with [200] in 1523ms
INFO  04:36:09 Source:[::1] Request: POST https localhost:44394/api/ProcessPension/ProcessPension  {"name":"Shubham","dateOfBirth":"1997-08-18T00:00:00","pan":"BCFPN9890I","aadhaarNumber":"907493726178","pensionType":1} Responded with [200] in 1523ms
INFO  04:39:00 Application started. Press Ctrl+C to shut down.
INFO  04:39:00 Application started. Press Ctrl+C to shut down.
INFO  04:39:00 Hosting environment: Development
INFO  04:39:00 Hosting environment: Development
INFO  04:39:00 Content root path: E:\MFPE\ProcessPensionAPI\ProcessPension
INFO  04:39:00 Content root path: E:\MFPE\ProcessPensionAPI\ProcessPension
INFO  04:40:10 Pensioner details invoked from Client Input
INFO  04:40:12 Source:[::1] Request: POST https localhost:44394/api/ProcessPension/ProcessPension  {"name":"Shubham","dateOfBirth":"1997-08-18T00:00:00","pan":"BCFPN9890I","aadhaarNumber":"907493726178","pensionType":1} Responded with [200] in 2224ms
INFO  04:40:12 Source:[::1] Request: POST https localhost:44394/api/ProcessPension/ProcessPension  {"name":"Shubham","dateOfBirth":"1997-08-18T00:00:00","pan":"BCFPN9890I","aadhaarNumber":"907493726178","pensionType":1} Responded with [200] in 2224ms
INFO  04:40:20 Pensioner details invoked from Client Input
INFO  04:40:20 Source:[::1] Request: POST https localhost:44394/api/ProcessPension/ProcessPension  {"name":"Shubham","dateOfBirth":"1997-08-18T00:00:00","pan":"BCFPN9890I","aadhaarNumber":"907493726179","pensionType":1} Responded with [200] in 478ms
INFO  04:40:20 Source:[::1] Request: POST https localhost:44394/api/ProcessPension/ProcessPension  {"name":"Shubham","dateOfBirth":"1997-08-18T00:00:00","pan":"BCFPN9890I","aadhaarNumber":"907493726179","pensionType":1} Responded with [200] in 478ms
INFO  04:42:16 Pensioner details invoked from Client Input
INFO  04:42:18 Source:[::1] Request: POST https localhost:44394/api/ProcessPension/ProcessPension/  {"Name":"Shubham","DateOfBirth":"1994-01-12T02:45:00","PAN":"BCFPN9890I","AadhaarNumber":"907493726178","PensionType":1} Responded with [200] in 1420ms
INFO  04:42:18 Source:[::1] Request: POST https localhost:44394/api/ProcessPension/ProcessPension/  {"Name":"Shubham","DateOfBirth":"1994-01-12T02:45:00","PAN":"BCFPN9890I","AadhaarNumber":"907493726178","PensionType":1} Responded with [200] in 1420ms
INFO  04:42:25 Pensioner details invoked from Client Input
INFO  04:42:25 Source:[::1] Request: POST https localhost:44394/api/ProcessPension/ProcessPension/  {"Name":"Shubham","DateOfBirth":"1994-01-12T02:45:00","PAN":"BCFPN9890I","AadhaarNumber":"907493726179","PensionType":1} Responded with [200] in 471ms
INFO  04:42:25 Source:[::1] Request: POST https localhost:44394/api/ProcessPension/ProcessPension/  {"Name":"Shubham","DateOfBirth":"1994-01-12T02:45:00","PAN":"BCFPN9890I","AadhaarNumber":"907493726179","PensionType":1} Responded with [200] in 471ms
INFO  04:43:35 Application started. Press Ctrl+C to shut down.
INFO  04:43:35 Application started. Press Ctrl+C to shut down.
INFO  04:43:35 Hosting environment: Development
INFO  04:43:35 Hosting environment: Development
INFO  04:43:35 Content root path: E:\MFPE\ProcessPensionAPI\ProcessPension
INFO  04:43:35 Content root path: E:\MFPE\ProcessPensionAPI\ProcessPension
INFO  04:44:03 Pensioner details invoked from Client Input
INFO  04:44:04 Source:[::1] Request: POST https localhost:44394/api/ProcessPension/ProcessPension/  {"Name":"Shubham","DateOfBirth":"1994-01-12T02:45:00","PAN":"BCFPN9890I","AadhaarNumber":"907493726179","PensionType":1} Responded with [200] in 942ms
INFO  04:44:04 Source:[::1] Request: POST https localhost:44394/api/ProcessPension/ProcessPension/  {"Name":"Shubham","DateOfBirth":"1994-01-12T02:45:00","PAN":"BCFPN9890I","AadhaarNumber":"907493726179","PensionType":1} Responded with [200] in 942ms
INFO  04:45:07 Source:[::1] Request: GET https localhost:44394/   Responded with [404] in 48ms
INFO  04:45:07 Source:[::1] Request: GET https localhost:44394/   Responded with [404] in 48ms
INFO  04:45:07 Source:[::1] Request: GET https localhost:44394/   Responded with [404] in 0ms
INFO  04:45:07 Source:[::1] Request: GET https localhost:44394/   Responded with [404] in 0ms
INFO  04:45:07 Source:[::1] Request: GET https localhost:44394/   Responded with [404] in 0ms
INFO  04:45:07 Source:[::1] Request: GET https localhost:44394/   Responded with [404] in 0ms
INFO  04:45:07 Source:[::1] Request: GET https localhost:44394/   Responded with [404] in 1ms
INFO  04:45:07 Source:[::1] Request: GET https localhost:44394/   Responded with [404] in 1ms
INFO  04:45:07 Source:[::1] Request: GET https localhost:44394/   Responded with [404] in 0ms
INFO  04:45:07 Source:[::1] Request: GET https localhost:44394/   Responded with [404] in 0ms
INFO  04:45:07 Source:[::1] Request: GET https localhost:44394/   Responded with [404] in 2ms
INFO  04:45:07 Source:[::1] Request: GET https localhost:44394/   Responded with [404] in 2ms
INFO  04:45:07 Source:[::1] Request: GET https localhost:44394/   Responded with [404] in 1ms
INFO  04:45:07 Source:[::1] Request: GET https localhost:44394/   Responded with [404] in 1ms
INFO  04:45:07 Source:[::1] Request: GET https localhost:44394/   Responded with [404] in 2ms
INFO  04:45:07 Source:[::1] Request: GET https localhost:44394/   Responded with [404] in 2ms
INFO  04:45:07 Source:[::1] Request: GET https localhost:44394/   Responded with [404] in 1ms
INFO  04:45:07 Source:[::1] Request: GET https localhost:44394/   Responded with [404] in 1ms
INFO  04:45:07 Source:[::1] Request: GET https localhost:44394/   Responded with [404] in 0ms
INFO  04:45:07 Source:[::1] Request: GET https localhost:44394/   Responded with [404] in 0ms
INFO  04:45:08 Source:[::1] Request: GET https localhost:44394/   Responded with [404] in 4ms
INFO  04:45:08 Source:[::1] Request: GET https localhost:44394/   Responded with [404] in 4ms
INFO  04:45:08 Source:[::1] Request: GET https localhost:44394/   Responded with [404] in 1ms
INFO  04:45:08 Source:[::1] Request: GET https localhost:44394/   Responded with [404] in 1ms
INFO  04:47:06 Pensioner details invoked from Client Input
INFO  04:47:08 Source:[::1] Request: POST https localhost:44394/api/ProcessPension/ProcessPension/  {"Name":"Shubham","DateOfBirth":"2011-11-23T23:58:00","PAN":"BCFPN9890I","AadhaarNumber":"907493726178","PensionType":1} Responded with [200] in 1495ms
INFO  04:47:08 Source:[::1] Request: POST https localhost:44394/api/ProcessPension/ProcessPension/  {"Name":"Shubham","DateOfBirth":"2011-11-23T23:58:00","PAN":"BCFPN9890I","AadhaarNumber":"907493726178","PensionType":1} Responded with [200] in 1495ms
INFO  04:48:14 Pensioner details invoked from Client Input
INFO  04:48:15 Source:[::1] Request: POST https localhost:44394/api/ProcessPension/ProcessPension/  {"Name":"Shubham","DateOfBirth":"2011-11-23T23:58:00","PAN":"BCFPN9890I","AadhaarNumber":"907493726178","PensionType":1} Responded with [200] in 1431ms
INFO  04:48:15 Source:[::1] Request: POST https localhost:44394/api/ProcessPension/ProcessPension/  {"Name":"Shubham","DateOfBirth":"2011-11-23T23:58:00","PAN":"BCFPN9890I","AadhaarNumber":"907493726178","PensionType":1} Responded with [200] in 1431ms
INFO  04:50:59 Pensioner details invoked from Client Input
INFO  04:51:00 Source:[::1] Request: POST https localhost:44394/api/ProcessPension/ProcessPension/  {"Name":"Shubham","DateOfBirth":"2011-11-23T23:58:00","PAN":"BCFPN9890I","AadhaarNumber":"907493726178","PensionType":1} Responded with [200] in 1439ms
INFO  04:51:00 Source:[::1] Request: POST https localhost:44394/api/ProcessPension/ProcessPension/  {"Name":"Shubham","DateOfBirth":"2011-11-23T23:58:00","PAN":"BCFPN9890I","AadhaarNumber":"907493726178","PensionType":1} Responded with [200] in 1439ms
INFO  04:51:55 Pensioner details invoked from Client Input
INFO  04:51:56 Source:[::1] Request: POST https localhost:44394/api/ProcessPension/ProcessPension/  {"Name":"Shubham","DateOfBirth":"2018-12-30T00:58:00","PAN":"BCFPN9890I","AadhaarNumber":"907493726178","PensionType":1} Responded with [200] in 1413ms
INFO  04:51:56 Source:[::1] Request: POST https localhost:44394/api/ProcessPension/ProcessPension/  {"Name":"Shubham","DateOfBirth":"2018-12-30T00:58:00","PAN":"BCFPN9890I","AadhaarNumber":"907493726178","PensionType":1} Responded with [200] in 1413ms
INFO  04:52:12 Pensioner details invoked from Client Input
INFO  04:52:13 Source:[::1] Request: POST https localhost:44394/api/ProcessPension/ProcessPension/  {"Name":"Shubham","DateOfBirth":"2018-12-30T00:58:00","PAN":"BCFPN9890I","AadhaarNumber":"907493726178","PensionType":2} Responded with [200] in 1408ms
INFO  04:52:13 Source:[::1] Request: POST https localhost:44394/api/ProcessPension/ProcessPension/  {"Name":"Shubham","DateOfBirth":"2018-12-30T00:58:00","PAN":"BCFPN9890I","AadhaarNumber":"907493726178","PensionType":2} Responded with [200] in 1408ms
INFO  05:18:36 Application started. Press Ctrl+C to shut down.
INFO  05:18:36 Application started. Press Ctrl+C to shut down.
INFO  05:18:36 Hosting environment: Development
INFO  05:18:36 Hosting environment: Development
INFO  05:18:36 Content root path: E:\MFPE\ProcessPensionAPI\ProcessPension
INFO  05:18:36 Content root path: E:\MFPE\ProcessPensionAPI\ProcessPension
INFO  05:20:07 Pensioner details invoked from Client Input
INFO  05:20:09 Source:[::1] Request: POST https localhost:44394/api/ProcessPension/ProcessPension/  {"Name":"Shubhamm","DateOfBirth":"2022-02-02T02:00:00","PAN":"BCFPN9890I","AadhaarNumber":"907493726178","PensionType":1} Responded with [200] in 1744ms
INFO  05:20:09 Source:[::1] Request: POST https localhost:44394/api/ProcessPension/ProcessPension/  {"Name":"Shubhamm","DateOfBirth":"2022-02-02T02:00:00","PAN":"BCFPN9890I","AadhaarNumber":"907493726178","PensionType":1} Responded with [200] in 1744ms
INFO  05:20:24 Source:[::1] Request: GET https localhost:44394/   Responded with [404] in 33ms
INFO  05:20:24 Source:[::1] Request: GET https localhost:44394/   Responded with [404] in 33ms
INFO  05:20:24 Source:[::1] Request: GET https localhost:44394/   Responded with [404] in 1ms
INFO  05:20:24 Source:[::1] Request: GET https localhost:44394/   Responded with [404] in 1ms
INFO  05:20:24 Source:[::1] Request: GET https localhost:44394/   Responded with [404] in 1ms
INFO  05:20:24 Source:[::1] Request: GET https localhost:44394/   Responded with [404] in 1ms
INFO  05:20:24 Source:[::1] Request: GET https localhost:44394/   Responded with [404] in 2ms
INFO  05:20:24 Source:[::1] Request: GET https localhost:44394/   Responded with [404] in 2ms
INFO  05:20:24 Source:[::1] Request: GET https localhost:44394/   Responded with [404] in 1ms
INFO  05:20:24 Source:[::1] Request: GET https localhost:44394/   Responded with [404] in 1ms
INFO  05:20:24 Source:[::1] Request: GET https localhost:44394/   Responded with [404] in 1ms
INFO  05:20:24 Source:[::1] Request: GET https localhost:44394/   Responded with [404] in 1ms
INFO  05:21:06 Pensioner details invoked from Client Input
INFO  05:21:07 Source:[::1] Request: POST https localhost:44394/api/ProcessPension/ProcessPension/  {"Name":"Shubham","DateOfBirth":"2017-02-02T12:59:00","PAN":"BCFPN9890I","AadhaarNumber":"907493726178","PensionType":1} Responded with [200] in 968ms
INFO  05:21:07 Source:[::1] Request: POST https localhost:44394/api/ProcessPension/ProcessPension/  {"Name":"Shubham","DateOfBirth":"2017-02-02T12:59:00","PAN":"BCFPN9890I","AadhaarNumber":"907493726178","PensionType":1} Responded with [200] in 968ms
INFO  05:22:17 Pensioner details invoked from Client Input
INFO  05:22:18 Source:[::1] Request: POST https localhost:44394/api/ProcessPension/ProcessPension  {"name":"Shubham","dateOfBirth":"1997-08-18T00:00:00","pan":"BCFPN9890I","aadhaarNumber":"907493726178","pensionType":1} Responded with [200] in 993ms
INFO  05:22:18 Source:[::1] Request: POST https localhost:44394/api/ProcessPension/ProcessPension  {"name":"Shubham","dateOfBirth":"1997-08-18T00:00:00","pan":"BCFPN9890I","aadhaarNumber":"907493726178","pensionType":1} Responded with [200] in 993ms
INFO  05:24:29 Pensioner details invoked from Client Input
INFO  05:25:18 Source:[::1] Request: POST https localhost:44394/api/ProcessPension/ProcessPension  {"name":"Shubham","dateOfBirth":"1997-08-18T00:00:00","pan":"BCFPN9890I","aadhaarNumber":"907493726178","pensionType":1} Responded with [200] in 49371ms
INFO  05:25:18 Source:[::1] Request: POST https localhost:44394/api/ProcessPension/ProcessPension  {"name":"Shubham","dateOfBirth":"1997-08-18T00:00:00","pan":"BCFPN9890I","aadhaarNumber":"907493726178","pensionType":1} Responded with [200] in 49371ms
INFO  05:25:25 Pensioner details invoked from Client Input
INFO  05:25:30 Source:[::1] Request: POST https localhost:44394/api/ProcessPension/ProcessPension  {"name":"Shubham","dateOfBirth":"1997-08-18T00:00:00","pan":"BCFPN9890I","aadhaarNumber":"907493726178","pensionType":2} Responded with [200] in 4106ms
INFO  05:25:30 Source:[::1] Request: POST https localhost:44394/api/ProcessPension/ProcessPension  {"name":"Shubham","dateOfBirth":"1997-08-18T00:00:00","pan":"BCFPN9890I","aadhaarNumber":"907493726178","pensionType":2} Responded with [200] in 4106ms
INFO  05:26:36 Application started. Press Ctrl+C to shut down.
INFO  05:26:36 Application started. Press Ctrl+C to shut down.
INFO  05:26:36 Hosting environment: Development
INFO  05:26:36 Hosting environment: Development
INFO  05:26:36 Content root path: E:\MFPE\ProcessPensionAPI\ProcessPension
INFO  05:26:36 Content root path: E:\MFPE\ProcessPensionAPI\ProcessPension
INFO  05:27:03 Pensioner details invoked from Client Input
INFO  05:27:21 Source:[::1] Request: POST https localhost:44394/api/ProcessPension/ProcessPension  {"name":"Shubham","dateOfBirth":"1997-08-18T00:00:00","pan":"BCFPN9890I","aadhaarNumber":"907493726178","pensionType":1} Responded with [200] in 17976ms
INFO  05:27:21 Source:[::1] Request: POST https localhost:44394/api/ProcessPension/ProcessPension  {"name":"Shubham","dateOfBirth":"1997-08-18T00:00:00","pan":"BCFPN9890I","aadhaarNumber":"907493726178","pensionType":1} Responded with [200] in 17976ms
INFO  05:29:09 Application started. Press Ctrl+C to shut down.
INFO  05:29:09 Application started. Press Ctrl+C to shut down.
INFO  05:29:09 Hosting environment: Development
INFO  05:29:09 Hosting environment: Development
INFO  05:29:09 Content root path: E:\MFPE\ProcessPensionAPI\ProcessPension
INFO  05:29:09 Content root path: E:\MFPE\ProcessPensionAPI\ProcessPension
INFO  05:29:27 Pensioner details invoked from Client Input
INFO  05:33:12 Application started. Press Ctrl+C to shut down.
INFO  05:33:12 Application started. Press Ctrl+C to shut down.
INFO  05:33:12 Hosting environment: Development
INFO  05:33:12 Hosting environment: Development
INFO  05:33:12 Content root path: E:\MFPE\ProcessPensionAPI\ProcessPension
INFO  05:33:12 Content root path: E:\MFPE\ProcessPensionAPI\ProcessPension
INFO  05:33:28 Pensioner details invoked from Client Input
INFO  05:39:55 Application started. Press Ctrl+C to shut down.
INFO  05:39:55 Application started. Press Ctrl+C to shut down.
INFO  05:39:55 Hosting environment: Development
INFO  05:39:55 Hosting environment: Development
INFO  05:39:55 Content root path: E:\MFPE\ProcessPensionAPI\ProcessPension
INFO  05:39:55 Content root path: E:\MFPE\ProcessPensionAPI\ProcessPension
INFO  05:40:10 Pensioner details invoked from Client Input
INFO  05:40:37 Source:[::1] Request: POST https localhost:44394/api/ProcessPension/ProcessPension  {"name":"Shubham","dateOfBirth":"1997-08-18T00:00:00","pan":"BCFPN9890I","aadhaarNumber":"907493726178","pensionType":2} Responded with [200] in 27521ms
INFO  05:40:37 Source:[::1] Request: POST https localhost:44394/api/ProcessPension/ProcessPension  {"name":"Shubham","dateOfBirth":"1997-08-18T00:00:00","pan":"BCFPN9890I","aadhaarNumber":"907493726178","pensionType":2} Responded with [200] in 27521ms
INFO  05:40:48 Pensioner details invoked from Client Input
INFO  05:40:51 Source:[::1] Request: POST https localhost:44394/api/ProcessPension/ProcessPension  {"name":"Shubham","dateOfBirth":"1997-08-18T00:00:00","pan":"BCFPN9890I","aadhaarNumber":"907493726178","pensionType":1} Responded with [200] in 2992ms
INFO  05:40:51 Source:[::1] Request: POST https localhost:44394/api/ProcessPension/ProcessPension  {"name":"Shubham","dateOfBirth":"1997-08-18T00:00:00","pan":"BCFPN9890I","aadhaarNumber":"907493726178","pensionType":1} Responded with [200] in 2992ms
INFO  05:42:55 Application started. Press Ctrl+C to shut down.
INFO  05:42:55 Application started. Press Ctrl+C to shut down.
INFO  05:42:55 Hosting environment: Development
INFO  05:42:55 Hosting environment: Development
INFO  05:42:55 Content root path: E:\MFPE\ProcessPensionAPI\ProcessPension
INFO  05:42:55 Content root path: E:\MFPE\ProcessPensionAPI\ProcessPension
INFO  05:43:28 Pensioner details invoked from Client Input
INFO  05:43:36 Source:[::1] Request: POST https localhost:44394/api/ProcessPension/ProcessPension  {"name":"Shubham","dateOfBirth":"1997-08-18T00:00:00","pan":"BCFPN9890I","aadhaarNumber":"907493726178","pensionType":1} Responded with [200] in 8361ms
INFO  05:43:36 Source:[::1] Request: POST https localhost:44394/api/ProcessPension/ProcessPension  {"name":"Shubham","dateOfBirth":"1997-08-18T00:00:00","pan":"BCFPN9890I","aadhaarNumber":"907493726178","pensionType":1} Responded with [200] in 8361ms
INFO  05:44:42 Pensioner details invoked from Client Input
INFO  05:44:45 Source:[::1] Request: POST https localhost:44394/api/ProcessPension/ProcessPension/  {"Name":"Shubham","DateOfBirth":"2017-03-03T01:00:00","PAN":"BCFPN9890I","AadhaarNumber":"907493726178","PensionType":1} Responded with [200] in 3275ms
INFO  05:44:45 Source:[::1] Request: POST https localhost:44394/api/ProcessPension/ProcessPension/  {"Name":"Shubham","DateOfBirth":"2017-03-03T01:00:00","PAN":"BCFPN9890I","AadhaarNumber":"907493726178","PensionType":1} Responded with [200] in 3275ms
INFO  05:45:00 Pensioner details invoked from Client Input
INFO  05:45:03 Source:[::1] Request: POST https localhost:44394/api/ProcessPension/ProcessPension/  {"Name":"Shubhamm","DateOfBirth":"2017-03-03T01:00:00","PAN":"BCFPN9890I","AadhaarNumber":"907493726178","PensionType":2} Responded with [200] in 3048ms
INFO  05:45:03 Source:[::1] Request: POST https localhost:44394/api/ProcessPension/ProcessPension/  {"Name":"Shubhamm","DateOfBirth":"2017-03-03T01:00:00","PAN":"BCFPN9890I","AadhaarNumber":"907493726178","PensionType":2} Responded with [200] in 3048ms
INFO  05:45:16 Pensioner details invoked from Client Input
INFO  05:45:30 Source:[::1] Request: POST https localhost:44394/api/ProcessPension/ProcessPension/  {"Name":"Shubham","DateOfBirth":"2017-03-03T01:00:00","PAN":"BCFPN9890B","AadhaarNumber":"907493726178","PensionType":2} Responded with [200] in 13282ms
INFO  05:45:30 Source:[::1] Request: POST https localhost:44394/api/ProcessPension/ProcessPension/  {"Name":"Shubham","DateOfBirth":"2017-03-03T01:00:00","PAN":"BCFPN9890B","AadhaarNumber":"907493726178","PensionType":2} Responded with [200] in 13282ms
INFO  05:48:09 Source:[::1] Request: GET https localhost:44394/   Responded with [404] in 22ms
INFO  05:48:09 Source:[::1] Request: GET https localhost:44394/   Responded with [404] in 22ms
INFO  05:48:09 Source:[::1] Request: GET https localhost:44394/   Responded with [404] in 0ms
INFO  05:48:09 Source:[::1] Request: GET https localhost:44394/   Responded with [404] in 0ms
INFO  05:48:09 Source:[::1] Request: GET https localhost:44394/   Responded with [404] in 0ms
INFO  05:48:09 Source:[::1] Request: GET https localhost:44394/   Responded with [404] in 0ms
INFO  05:48:09 Source:[::1] Request: GET https localhost:44394/   Responded with [404] in 2ms
INFO  05:48:09 Source:[::1] Request: GET https localhost:44394/   Responded with [404] in 2ms
INFO  05:48:09 Source:[::1] Request: GET https localhost:44394/   Responded with [404] in 4ms
INFO  05:48:09 Source:[::1] Request: GET https localhost:44394/   Responded with [404] in 4ms
INFO  05:48:09 Source:[::1] Request: GET https localhost:44394/   Responded with [404] in 0ms
INFO  05:48:09 Source:[::1] Request: GET https localhost:44394/   Responded with [404] in 0ms
INFO  06:04:39 Application started. Press Ctrl+C to shut down.
INFO  06:04:39 Application started. Press Ctrl+C to shut down.
INFO  06:04:39 Hosting environment: Development
INFO  06:04:39 Hosting environment: Development
INFO  06:04:39 Content root path: E:\MFPE\ProcessPensionAPI\ProcessPension
INFO  06:04:39 Content root path: E:\MFPE\ProcessPensionAPI\ProcessPension
INFO  06:05:06 Pensioner details invoked from Client Input
INFO  06:05:24 Source:[::1] Request: POST https localhost:44394/api/ProcessPension/ProcessPension  {"name":"Shubham","dateOfBirth":"1997-08-18T00:00:00","pan":"BCFPN9890I","aadhaarNumber":"907493726178","pensionType":1} Responded with [200] in 17558ms
INFO  06:05:24 Source:[::1] Request: POST https localhost:44394/api/ProcessPension/ProcessPension  {"name":"Shubham","dateOfBirth":"1997-08-18T00:00:00","pan":"BCFPN9890I","aadhaarNumber":"907493726178","pensionType":1} Responded with [200] in 17558ms
INFO  06:08:46 Pensioner details invoked from Client Input
INFO  06:08:56 Source:[::1] Request: POST https localhost:44394/api/ProcessPension/ProcessPension/  {"Name":"Shubham","DateOfBirth":"2016-11-29T22:59:00","PAN":"BCFPN9890I","AadhaarNumber":"907493726178","PensionType":2} Responded with [200] in 9900ms
INFO  06:08:56 Source:[::1] Request: POST https localhost:44394/api/ProcessPension/ProcessPension/  {"Name":"Shubham","DateOfBirth":"2016-11-29T22:59:00","PAN":"BCFPN9890I","AadhaarNumber":"907493726178","PensionType":2} Responded with [200] in 9900ms
INFO  06:09:19 Pensioner details invoked from Client Input
INFO  06:09:20 Source:[::1] Request: POST https localhost:44394/api/ProcessPension/ProcessPension/  {"Name":"Shubhamm","DateOfBirth":"2016-11-29T22:59:00","PAN":"BCFPN9890I","AadhaarNumber":"907493726178","PensionType":2} Responded with [200] in 986ms
INFO  06:09:20 Source:[::1] Request: POST https localhost:44394/api/ProcessPension/ProcessPension/  {"Name":"Shubhamm","DateOfBirth":"2016-11-29T22:59:00","PAN":"BCFPN9890I","AadhaarNumber":"907493726178","PensionType":2} Responded with [200] in 986ms
INFO  06:09:20 Pensioner details invoked from Client Input
INFO  06:09:21 Source:[::1] Request: POST https localhost:44394/api/ProcessPension/ProcessPension/  {"Name":"Shubhamm","DateOfBirth":"2016-11-29T22:59:00","PAN":"BCFPN9890I","AadhaarNumber":"907493726178","PensionType":2} Responded with [200] in 943ms
INFO  06:09:21 Source:[::1] Request: POST https localhost:44394/api/ProcessPension/ProcessPension/  {"Name":"Shubhamm","DateOfBirth":"2016-11-29T22:59:00","PAN":"BCFPN9890I","AadhaarNumber":"907493726178","PensionType":2} Responded with [200] in 943ms
INFO  06:09:32 Pensioner details invoked from Client Input
INFO  06:09:33 Source:[::1] Request: POST https localhost:44394/api/ProcessPension/ProcessPension/  {"Name":"Shubhamm","DateOfBirth":"2016-11-29T22:59:00","PAN":"BCFPN9890I","AadhaarNumber":"907493726178","PensionType":1} Responded with [200] in 950ms
INFO  06:09:33 Source:[::1] Request: POST https localhost:44394/api/ProcessPension/ProcessPension/  {"Name":"Shubhamm","DateOfBirth":"2016-11-29T22:59:00","PAN":"BCFPN9890I","AadhaarNumber":"907493726178","PensionType":1} Responded with [200] in 950ms
INFO  06:10:55 Pensioner details invoked from Client Input
INFO  06:10:56 Source:[::1] Request: POST https localhost:44394/api/ProcessPension/ProcessPension/  {"Name":"Shubhamm","DateOfBirth":"2016-11-29T22:59:00","PAN":"BCFPN9890I","AadhaarNumber":"907493726178","PensionType":1} Responded with [200] in 965ms
INFO  06:10:56 Source:[::1] Request: POST https localhost:44394/api/ProcessPension/ProcessPension/  {"Name":"Shubhamm","DateOfBirth":"2016-11-29T22:59:00","PAN":"BCFPN9890I","AadhaarNumber":"907493726178","PensionType":1} Responded with [200] in 965ms
INFO  06:12:19 Pensioner details invoked from Client Input
INFO  06:12:21 Source:[::1] Request: POST https localhost:44394/api/ProcessPension/ProcessPension  {"name":"Shubham","dateOfBirth":"1997-08-18T00:00:00","pan":"BCFPN9890I","aadhaarNumber":"907493726178","pensionType":2} Responded with [200] in 1428ms
INFO  06:12:21 Source:[::1] Request: POST https localhost:44394/api/ProcessPension/ProcessPension  {"name":"Shubham","dateOfBirth":"1997-08-18T00:00:00","pan":"BCFPN9890I","aadhaarNumber":"907493726178","pensionType":2} Responded with [200] in 1428ms
INFO  06:12:29 Pensioner details invoked from Client Input
INFO  06:12:30 Source:[::1] Request: POST https localhost:44394/api/ProcessPension/ProcessPension  {"name":"Shubham","dateOfBirth":"1997-08-18T00:00:00","pan":"BCFPN9890I","aadhaarNumber":"907493726178","pensionType":1} Responded with [200] in 1429ms
INFO  06:12:30 Source:[::1] Request: POST https localhost:44394/api/ProcessPension/ProcessPension  {"name":"Shubham","dateOfBirth":"1997-08-18T00:00:00","pan":"BCFPN9890I","aadhaarNumber":"907493726178","pensionType":1} Responded with [200] in 1429ms
INFO  06:12:37 Pensioner details invoked from Client Input
INFO  06:12:37 Source:[::1] Request: POST https localhost:44394/api/ProcessPension/ProcessPension  {"name":"Shubham","dateOfBirth":"1997-08-18T00:00:00","pan":"BCFPN9890I","aadhaarNumber":"907493726179","pensionType":1} Responded with [200] in 474ms
INFO  06:12:37 Source:[::1] Request: POST https localhost:44394/api/ProcessPension/ProcessPension  {"name":"Shubham","dateOfBirth":"1997-08-18T00:00:00","pan":"BCFPN9890I","aadhaarNumber":"907493726179","pensionType":1} Responded with [200] in 474ms
INFO  06:13:03 Pensioner details invoked from Client Input
INFO  06:13:04 Source:[::1] Request: POST https localhost:44394/api/ProcessPension/ProcessPension  {"name":"Shubham","dateOfBirth":"1997-08-18T00:00:00","pan":"BCFPN9890I","aadhaarNumber":"907493726178","pensionType":1} Responded with [200] in 1479ms
INFO  06:13:04 Source:[::1] Request: POST https localhost:44394/api/ProcessPension/ProcessPension  {"name":"Shubham","dateOfBirth":"1997-08-18T00:00:00","pan":"BCFPN9890I","aadhaarNumber":"907493726178","pensionType":1} Responded with [200] in 1479ms
INFO  06:13:12 Pensioner details invoked from Client Input
INFO  06:13:12 Source:[::1] Request: POST https localhost:44394/api/ProcessPension/ProcessPension  {"name":"Shubham","dateOfBirth":"1997-08-18T00:00:00","pan":"BCFPN9890I","aadhaarNumber":"907493726179","pensionType":1} Responded with [200] in 478ms
INFO  06:13:12 Source:[::1] Request: POST https localhost:44394/api/ProcessPension/ProcessPension  {"name":"Shubham","dateOfBirth":"1997-08-18T00:00:00","pan":"BCFPN9890I","aadhaarNumber":"907493726179","pensionType":1} Responded with [200] in 478ms
INFO  06:14:28 Pensioner details invoked from Client Input
INFO  06:14:29 Source:[::1] Request: POST https localhost:44394/api/ProcessPension/ProcessPension/  {"Name":"Shubham","DateOfBirth":"2015-09-28T23:59:00","PAN":"BCFPN9890I","AadhaarNumber":"907493726179","PensionType":1} Responded with [200] in 479ms
INFO  06:14:29 Source:[::1] Request: POST https localhost:44394/api/ProcessPension/ProcessPension/  {"Name":"Shubham","DateOfBirth":"2015-09-28T23:59:00","PAN":"BCFPN9890I","AadhaarNumber":"907493726179","PensionType":1} Responded with [200] in 479ms
INFO  06:15:39 Pensioner details invoked from Client Input
INFO  06:15:41 Source:[::1] Request: POST https localhost:44394/api/ProcessPension/ProcessPension/  {"Name":"Shubham","DateOfBirth":"2015-09-28T23:59:00","PAN":"BCFPN9890I","AadhaarNumber":"907493726178","PensionType":1} Responded with [200] in 1409ms
INFO  06:15:41 Source:[::1] Request: POST https localhost:44394/api/ProcessPension/ProcessPension/  {"Name":"Shubham","DateOfBirth":"2015-09-28T23:59:00","PAN":"BCFPN9890I","AadhaarNumber":"907493726178","PensionType":1} Responded with [200] in 1409ms
INFO  06:24:01 Application started. Press Ctrl+C to shut down.
INFO  06:24:01 Application started. Press Ctrl+C to shut down.
INFO  06:24:01 Hosting environment: Development
INFO  06:24:01 Hosting environment: Development
INFO  06:24:01 Content root path: E:\MFPE\ProcessPensionAPI\ProcessPension
INFO  06:24:01 Content root path: E:\MFPE\ProcessPensionAPI\ProcessPension
INFO  06:24:10 Pensioner details invoked from Client Input
INFO  06:24:11 Source:[::1] Request: POST https localhost:44394/api/ProcessPension/ProcessPension/  {"Name":"Shubham","DateOfBirth":"2015-09-28T23:59:00","PAN":"BCFPN9890I","AadhaarNumber":"907493726177","PensionType":1} Responded with [400] in 1009ms
INFO  06:24:11 Source:[::1] Request: POST https localhost:44394/api/ProcessPension/ProcessPension/  {"Name":"Shubham","DateOfBirth":"2015-09-28T23:59:00","PAN":"BCFPN9890I","AadhaarNumber":"907493726177","PensionType":1} Responded with [400] in 1009ms
INFO  06:25:21 Pensioner details invoked from Client Input
INFO  06:25:22 Source:[::1] Request: POST https localhost:44394/api/ProcessPension/ProcessPension/  {"Name":"Shubham","DateOfBirth":"2018-09-29T12:59:00","PAN":"BCFPN9890I","AadhaarNumber":"907493726177","PensionType":1} Responded with [400] in 475ms
INFO  06:25:22 Source:[::1] Request: POST https localhost:44394/api/ProcessPension/ProcessPension/  {"Name":"Shubham","DateOfBirth":"2018-09-29T12:59:00","PAN":"BCFPN9890I","AadhaarNumber":"907493726177","PensionType":1} Responded with [400] in 475ms
INFO  06:31:40 Application started. Press Ctrl+C to shut down.
INFO  06:31:40 Application started. Press Ctrl+C to shut down.
INFO  06:31:40 Hosting environment: Development
INFO  06:31:40 Hosting environment: Development
INFO  06:31:40 Content root path: E:\MFPE\ProcessPensionAPI\ProcessPension
INFO  06:31:40 Content root path: E:\MFPE\ProcessPensionAPI\ProcessPension
INFO  06:33:04 Pensioner details invoked from Client Input
INFO  06:33:05 Source:[::1] Request: POST https localhost:44394/api/ProcessPension/ProcessPension/  {"Name":"Shubham","DateOfBirth":"2016-09-28T12:59:00","PAN":"BCFPN9890I","AadhaarNumber":"907493726177","PensionType":2} Responded with [204] in 951ms
INFO  06:33:05 Source:[::1] Request: POST https localhost:44394/api/ProcessPension/ProcessPension/  {"Name":"Shubham","DateOfBirth":"2016-09-28T12:59:00","PAN":"BCFPN9890I","AadhaarNumber":"907493726177","PensionType":2} Responded with [204] in 951ms
INFO  06:35:59 Application started. Press Ctrl+C to shut down.
INFO  06:35:59 Application started. Press Ctrl+C to shut down.
INFO  06:35:59 Hosting environment: Development
INFO  06:35:59 Hosting environment: Development
INFO  06:35:59 Content root path: E:\MFPE\ProcessPensionAPI\ProcessPension
INFO  06:35:59 Content root path: E:\MFPE\ProcessPensionAPI\ProcessPension
INFO  06:42:22 Pensioner details invoked from Client Input
INFO  06:42:23 Source:[::1] Request: POST https localhost:44394/api/ProcessPension/ProcessPension/  {"Name":"Shubham","DateOfBirth":"2017-09-28T22:59:00","PAN":"BCFPN9890I","AadhaarNumber":"907493726177","PensionType":2} Responded with [400] in 1030ms
INFO  06:42:23 Source:[::1] Request: POST https localhost:44394/api/ProcessPension/ProcessPension/  {"Name":"Shubham","DateOfBirth":"2017-09-28T22:59:00","PAN":"BCFPN9890I","AadhaarNumber":"907493726177","PensionType":2} Responded with [400] in 1030ms
INFO  06:42:32 Pensioner details invoked from Client Input
INFO  06:42:34 Source:[::1] Request: POST https localhost:44394/api/ProcessPension/ProcessPension/  {"Name":"Shubham","DateOfBirth":"2017-09-28T22:59:00","PAN":"BCFPN9890I","AadhaarNumber":"907493726178","PensionType":2} Responded with [200] in 1551ms
INFO  06:42:34 Source:[::1] Request: POST https localhost:44394/api/ProcessPension/ProcessPension/  {"Name":"Shubham","DateOfBirth":"2017-09-28T22:59:00","PAN":"BCFPN9890I","AadhaarNumber":"907493726178","PensionType":2} Responded with [200] in 1551ms
INFO  06:42:42 Pensioner details invoked from Client Input
INFO  06:42:43 Source:[::1] Request: POST https localhost:44394/api/ProcessPension/ProcessPension/  {"Name":"Shubham","DateOfBirth":"2017-09-28T22:59:00","PAN":"BCFPN9890I","AadhaarNumber":"907493726177","PensionType":2} Responded with [400] in 472ms
INFO  06:42:43 Source:[::1] Request: POST https localhost:44394/api/ProcessPension/ProcessPension/  {"Name":"Shubham","DateOfBirth":"2017-09-28T22:59:00","PAN":"BCFPN9890I","AadhaarNumber":"907493726177","PensionType":2} Responded with [400] in 472ms
INFO  06:42:51 Pensioner details invoked from Client Input
INFO  06:42:52 Source:[::1] Request: POST https localhost:44394/api/ProcessPension/ProcessPension/  {"Name":"Shubham","DateOfBirth":"2017-09-28T22:59:00","PAN":"BCFPN9890B","AadhaarNumber":"907493726178","PensionType":2} Responded with [200] in 941ms
INFO  06:42:52 Source:[::1] Request: POST https localhost:44394/api/ProcessPension/ProcessPension/  {"Name":"Shubham","DateOfBirth":"2017-09-28T22:59:00","PAN":"BCFPN9890B","AadhaarNumber":"907493726178","PensionType":2} Responded with [200] in 941ms
INFO  06:43:14 Pensioner details invoked from Client Input
INFO  06:43:14 Source:[::1] Request: POST https localhost:44394/api/ProcessPension/ProcessPension/  {"Name":"Shubhamm","DateOfBirth":"2017-09-28T22:59:00","PAN":"BCFPN9890I","AadhaarNumber":"907493726178","PensionType":2} Responded with [200] in 951ms
INFO  06:43:14 Source:[::1] Request: POST https localhost:44394/api/ProcessPension/ProcessPension/  {"Name":"Shubhamm","DateOfBirth":"2017-09-28T22:59:00","PAN":"BCFPN9890I","AadhaarNumber":"907493726178","PensionType":2} Responded with [200] in 951ms
INFO  06:43:27 Pensioner details invoked from Client Input
INFO  06:43:29 Source:[::1] Request: POST https localhost:44394/api/ProcessPension/ProcessPension/  {"Name":"Shubham","DateOfBirth":"2017-09-28T22:59:00","PAN":"BCFPN9890I","AadhaarNumber":"907493726178","PensionType":1} Responded with [200] in 1418ms
INFO  06:43:29 Source:[::1] Request: POST https localhost:44394/api/ProcessPension/ProcessPension/  {"Name":"Shubham","DateOfBirth":"2017-09-28T22:59:00","PAN":"BCFPN9890I","AadhaarNumber":"907493726178","PensionType":1} Responded with [200] in 1418ms
INFO  12:12:01 Application started. Press Ctrl+C to shut down.
INFO  12:12:01 Application started. Press Ctrl+C to shut down.
INFO  12:12:01 Hosting environment: Development
INFO  12:12:01 Hosting environment: Development
INFO  12:12:01 Content root path: E:\MFPE\ProcessPensionAPI\ProcessPension
INFO  12:12:01 Content root path: E:\MFPE\ProcessPensionAPI\ProcessPension
